<?xml version="1.0" encoding="UTF-8"?>
<testsuite xmlns:xsi="http://www.w3.org/2001/XMLSchema-instance" xsi:noNamespaceSchemaLocation="https://maven.apache.org/surefire/maven-surefire-plugin/xsd/surefire-test-report.xsd" name="junit.nama.junit.LazyAssertionMessageTest" time="0.053" tests="2" errors="0" skipped="0" failures="0">
  <properties>
[...]
</properties>
  <testcase name="test" classname="junit.nama.junit.LazyAssertionMessageTest" time="0"/>
  <testcase name="test1" classname="junit.nama.junit.LazyAssertionMessageTest" time="0"/>
</testsuite>